<?xml version="1.0" encoding="UTF-8"?>
<testsuite xmlns:xsi="http://www.w3.org/2001/XMLSchema-instance" xsi:noNamespaceSchemaLocation="https://maven.apache.org/surefire/maven-surefire-plugin/xsd/surefire-test-report.xsd" name="ru.yandex.praktikum.CourierTest" time="4.657" tests="5" errors="0" skipped="0" failures="0">
  <properties>
    <property name="sun.desktop" value="windows"/>
    <property name="awt.toolkit" value="sun.awt.windows.WToolkit"/>
    <property name="java.specification.version" value="11"/>
    <property name="sun.cpu.isalist" value="amd64"/>
    <property name="sun.jnu.encoding" value="Cp1251"/>
    <property name="java.class.path" value="C:\Users\Nur\OneDrive\Desktop\Sprint_7.01\target\test-classes;C:\Users\Nur\OneDrive\Desktop\Sprint_7.01\target\classes;C:\Users\Nur\.m2\repository\junit\junit\4.13.2\junit-4.13.2.jar;C:\Users\Nur\.m2\repository\org\hamcrest\hamcrest-core\1.3\hamcrest-core-1.3.jar;C:\Users\Nur\.m2\repository\commons-codec\commons-codec\1.16.0\commons-codec-1.16.0.jar;C:\Users\Nur\.m2\repository\io\rest-assured\rest-assured\5.4.0\rest-assured-5.4.0.jar;C:\Users\Nur\.m2\repository\org\apache\groovy\groovy\4.0.16\groovy-4.0.16.jar;C:\Users\Nur\.m2\repository\org\apache\groovy\groovy-xml\4.0.16\groovy-xml-4.0.16.jar;C:\Users\Nur\.m2\repository\org\apache\httpcomponents\httpclient\4.5.13\httpclient-4.5.13.jar;C:\Users\Nur\.m2\repository\org\apache\httpcomponents\httpcore\4.4.13\httpcore-4.4.13.jar;C:\Users\Nur\.m2\repository\commons-logging\commons-logging\1.2\commons-logging-1.2.jar;C:\Users\Nur\.m2\repository\org\apache\httpcomponents\httpmime\4.5.13\httpmime-4.5.13.jar;C:\Users\Nur\.m2\repository\org\hamcrest\hamcrest\2.2\hamcrest-2.2.jar;C:\Users\Nur\.m2\repository\org\ccil\cowan\tagsoup\tagsoup\1.2.1\tagsoup-1.2.1.jar;C:\Users\Nur\.m2\repository\io\rest-assured\json-path\5.4.0\json-path-5.4.0.jar;C:\Users\Nur\.m2\repository\org\apache\groovy\groovy-json\4.0.16\groovy-json-4.0.16.jar;C:\Users\Nur\.m2\repository\io\rest-assured\rest-assured-common\5.4.0\rest-assured-common-5.4.0.jar;C:\Users\Nur\.m2\repository\io\rest-assured\xml-path\5.4.0\xml-path-5.4.0.jar;C:\Users\Nur\.m2\repository\org\apache\commons\commons-lang3\3.11\commons-lang3-3.11.jar;C:\Users\Nur\.m2\repository\com\fasterxml\jackson\core\jackson-databind\2.13.0\jackson-databind-2.13.0.jar;C:\Users\Nur\.m2\repository\com\fasterxml\jackson\core\jackson-annotations\2.13.0\jackson-annotations-2.13.0.jar;C:\Users\Nur\.m2\repository\com\fasterxml\jackson\core\jackson-core\2.13.0\jackson-core-2.13.0.jar;C:\Users\Nur\.m2\repository\com\google\code\gson\gson\2.8.9\gson-2.8.9.jar;C:\Users\Nur\.m2\repository\dom4j\dom4j\1.1\dom4j-1.1.jar;C:\Users\Nur\.m2\repository\io\qameta\allure\allure-junit4\2.27.0\allure-junit4-2.27.0.jar;C:\Users\Nur\.m2\repository\io\qameta\allure\allure-java-commons\2.27.0\allure-java-commons-2.27.0.jar;C:\Users\Nur\.m2\repository\org\slf4j\slf4j-api\1.7.36\slf4j-api-1.7.36.jar;C:\Users\Nur\.m2\repository\io\qameta\allure\allure-model\2.27.0\allure-model-2.27.0.jar;C:\Users\Nur\.m2\repository\io\qameta\allure\allure-test-filter\2.27.0\allure-test-filter-2.27.0.jar;C:\Users\Nur\.m2\repository\io\qameta\allure\allure-rest-assured\2.27.0\allure-rest-assured-2.27.0.jar;C:\Users\Nur\.m2\repository\io\qameta\allure\allure-attachments\2.27.0\allure-attachments-2.27.0.jar;C:\Users\Nur\.m2\repository\org\freemarker\freemarker\2.3.31\freemarker-2.3.31.jar;"/>
    <property name="java.vm.vendor" value="Amazon.com Inc."/>
    <property name="sun.arch.data.model" value="64"/>
    <property name="user.variant" value=""/>
    <property name="java.vendor.url" value="https://aws.amazon.com/corretto/"/>
    <property name="user.timezone" value="Asia/Bishkek"/>
    <property name="java.vm.specification.version" value="11"/>
    <property name="os.name" value="Windows 11"/>
    <property name="sun.java.launcher" value="SUN_STANDARD"/>
    <property name="user.country" value="RU"/>
    <property name="sun.boot.library.path" value="C:\Program Files\Amazon Corretto\jdk11.0.27_6\bin"/>
    <property name="sun.java.command" value="C:\Users\Nur\AppData\Local\Temp\surefire9758460585161562533\surefirebooter2833309896058579617.jar C:\Users\Nur\AppData\Local\Temp\surefire9758460585161562533 2025-09-21T22-07-11_112-jvmRun1 surefire5127561878610263874tmp surefire_018071280490957581455tmp"/>
    <property name="jdk.debug" value="release"/>
    <property name="surefire.test.class.path" value="C:\Users\Nur\OneDrive\Desktop\Sprint_7.01\target\test-classes;C:\Users\Nur\OneDrive\Desktop\Sprint_7.01\target\classes;C:\Users\Nur\.m2\repository\junit\junit\4.13.2\junit-4.13.2.jar;C:\Users\Nur\.m2\repository\org\hamcrest\hamcrest-core\1.3\hamcrest-core-1.3.jar;C:\Users\Nur\.m2\repository\commons-codec\commons-codec\1.16.0\commons-codec-1.16.0.jar;C:\Users\Nur\.m2\repository\io\rest-assured\rest-assured\5.4.0\rest-assured-5.4.0.jar;C:\Users\Nur\.m2\repository\org\apache\groovy\groovy\4.0.16\groovy-4.0.16.jar;C:\Users\Nur\.m2\repository\org\apache\groovy\groovy-xml\4.0.16\groovy-xml-4.0.16.jar;C:\Users\Nur\.m2\repository\org\apache\httpcomponents\httpclient\4.5.13\httpclient-4.5.13.jar;C:\Users\Nur\.m2\repository\org\apache\httpcomponents\httpcore\4.4.13\httpcore-4.4.13.jar;C:\Users\Nur\.m2\repository\commons-logging\commons-logging\1.2\commons-logging-1.2.jar;C:\Users\Nur\.m2\repository\org\apache\httpcomponents\httpmime\4.5.13\httpmime-4.5.13.jar;C:\Users\Nur\.m2\repository\org\hamcrest\hamcrest\2.2\hamcrest-2.2.jar;C:\Users\Nur\.m2\repository\org\ccil\cowan\tagsoup\tagsoup\1.2.1\tagsoup-1.2.1.jar;C:\Users\Nur\.m2\repository\io\rest-assured\json-path\5.4.0\json-path-5.4.0.jar;C:\Users\Nur\.m2\repository\org\apache\groovy\groovy-json\4.0.16\groovy-json-4.0.16.jar;C:\Users\Nur\.m2\repository\io\rest-assured\rest-assured-common\5.4.0\rest-assured-common-5.4.0.jar;C:\Users\Nur\.m2\repository\io\rest-assured\xml-path\5.4.0\xml-path-5.4.0.jar;C:\Users\Nur\.m2\repository\org\apache\commons\commons-lang3\3.11\commons-lang3-3.11.jar;C:\Users\Nur\.m2\repository\com\fasterxml\jackson\core\jackson-databind\2.13.0\jackson-databind-2.13.0.jar;C:\Users\Nur\.m2\repository\com\fasterxml\jackson\core\jackson-annotations\2.13.0\jackson-annotations-2.13.0.jar;C:\Users\Nur\.m2\repository\com\fasterxml\jackson\core\jackson-core\2.13.0\jackson-core-2.13.0.jar;C:\Users\Nur\.m2\repository\com\google\code\gson\gson\2.8.9\gson-2.8.9.jar;C:\Users\Nur\.m2\repository\dom4j\dom4j\1.1\dom4j-1.1.jar;C:\Users\Nur\.m2\repository\io\qameta\allure\allure-junit4\2.27.0\allure-junit4-2.27.0.jar;C:\Users\Nur\.m2\repository\io\qameta\allure\allure-java-commons\2.27.0\allure-java-commons-2.27.0.jar;C:\Users\Nur\.m2\repository\org\slf4j\slf4j-api\1.7.36\slf4j-api-1.7.36.jar;C:\Users\Nur\.m2\repository\io\qameta\allure\allure-model\2.27.0\allure-model-2.27.0.jar;C:\Users\Nur\.m2\repository\io\qameta\allure\allure-test-filter\2.27.0\allure-test-filter-2.27.0.jar;C:\Users\Nur\.m2\repository\io\qameta\allure\allure-rest-assured\2.27.0\allure-rest-assured-2.27.0.jar;C:\Users\Nur\.m2\repository\io\qameta\allure\allure-attachments\2.27.0\allure-attachments-2.27.0.jar;C:\Users\Nur\.m2\repository\org\freemarker\freemarker\2.3.31\freemarker-2.3.31.jar;"/>
    <property name="allure.results.directory" value="C:\Users\Nur\OneDrive\Desktop\Sprint_7.01\target/allure-results"/>
    <property name="sun.cpu.endian" value="little"/>
    <property name="user.home" value="C:\Users\Nur"/>
    <property name="user.language" value="ru"/>
    <property name="java.specification.vendor" value="Oracle Corporation"/>
    <property name="java.version.date" value="2025-04-15"/>
    <property name="java.home" value="C:\Program Files\Amazon Corretto\jdk11.0.27_6"/>
    <property name="file.separator" value="\"/>
    <property name="basedir" value="C:\Users\Nur\OneDrive\Desktop\Sprint_7.01"/>
    <property name="java.vm.compressedOopsMode" value="Zero based"/>
    <property name="line.separator" value="&#10;"/>
    <property name="java.specification.name" value="Java Platform API Specification"/>
    <property name="java.vm.specification.vendor" value="Oracle Corporation"/>
    <property name="java.awt.graphicsenv" value="sun.awt.Win32GraphicsEnvironment"/>
    <property name="surefire.real.class.path" value="C:\Users\Nur\AppData\Local\Temp\surefire9758460585161562533\surefirebooter2833309896058579617.jar"/>
    <property name="user.script" value=""/>
    <property name="sun.management.compiler" value="HotSpot 64-Bit Tiered Compilers"/>
    <property name="java.runtime.version" value="11.0.27+6-LTS"/>
    <property name="user.name" value="Nur"/>
    <property name="path.separator" value=";"/>
    <property name="os.version" value="10.0"/>
    <property name="java.runtime.name" value="OpenJDK Runtime Environment"/>
    <property name="file.encoding" value="Cp1251"/>
    <property name="java.vm.name" value="OpenJDK 64-Bit Server VM"/>
    <property name="java.vendor.version" value="Corretto-11.0.27.6.1"/>
    <property name="localRepository" value="C:\Users\Nur\.m2\repository"/>
    <property name="java.vendor.url.bug" value="https://github.com/corretto/corretto-11/issues/"/>
    <property name="java.io.tmpdir" value="C:\Users\Nur\AppData\Local\Temp\"/>
    <property name="java.version" value="11.0.27"/>
    <property name="user.dir" value="C:\Users\Nur\OneDrive\Desktop\Sprint_7.01"/>
    <property name="os.arch" value="amd64"/>
    <property name="java.vm.specification.name" value="Java Virtual Machine Specification"/>
    <property name="java.awt.printerjob" value="sun.awt.windows.WPrinterJob"/>
    <property name="sun.os.patch.level" value=""/>
    <property name="java.library.path" value="C:\Program Files\Amazon Corretto\jdk11.0.27_6\bin;C:\WINDOWS\Sun\Java\bin;C:\WINDOWS\system32;C:\WINDOWS;C:\apache-maven-3.9.10-bin\apache-maven-3.9.10\bin;C:\Program Files\Amazon Corretto\jdk11.0.27_6\bin;C:\Windows\system32;C:\Windows;C:\Windows\System32\Wbem;C:\Windows\System32\WindowsPowerShell\v1.0\;C:\Windows\System32\OpenSSH\;C:\Program Files (x86)\NVIDIA Corporation\PhysX\Common;C:\WINDOWS\system32;C:\WINDOWS;C:\WINDOWS\System32\Wbem;C:\WINDOWS\System32\WindowsPowerShell\v1.0\;C:\WINDOWS\System32\OpenSSH\;C:\Program Files\NVIDIA Corporation\NVIDIA app\NvDLISR;C:\Program Files\Git\cmd;C:\Program Files\Git\mingw64\bin;C:\Program Files\Git\usr\bin;C:\Users\Nur\OneDrive\Desktop\allure-2.35.1\bin;C:\Program Files\JetBrains\IntelliJ IDEA Community Edition 2025.1.2\bin;;;."/>
    <property name="java.vm.info" value="mixed mode"/>
    <property name="java.vendor" value="Amazon.com Inc."/>
    <property name="java.vm.version" value="11.0.27+6-LTS"/>
    <property name="java.specification.maintenance.version" value="3"/>
    <property name="sun.io.unicode.encoding" value="UnicodeLittle"/>
    <property name="java.class.version" value="55.0"/>
  </properties>
  <testcase name="createCourierFalseWithoutPassword" classname="ru.yandex.praktikum.CourierTest" time="0.326"/>
  <testcase name="createCourierTrueWithoutFirstName" classname="ru.yandex.praktikum.CourierTest" time="1.176"/>
  <testcase name="createCourierFalseWithoutLogin" classname="ru.yandex.praktikum.CourierTest" time="0.38"/>
  <testcase name="createDoubleCourierFalse" classname="ru.yandex.praktikum.CourierTest" time="1.532"/>
  <testcase name="createCourierTrue" classname="ru.yandex.praktikum.CourierTest" time="1.24"/>
</testsuite>